{
  "RSpec": {
    "coverage": {
      "/Users/krrrl/turing/3mod/projects/final_assessment/festi_dule_be/app/controllers/api/v1/admin/users_controller.rb": {
        "lines": [
          1,
          1,
          9,
          6,
          null,
          null,
          null,
          null,
          null,
          null,
          null,
          null,
          3,
          null,
          null,
          9,
          null,
          null
        ]
      },
      "/Users/krrrl/turing/3mod/projects/final_assessment/festi_dule_be/app/controllers/application_controller.rb": {
        "lines": [
          1,
          null
        ]
      },
      "/Users/krrrl/turing/3mod/projects/final_assessment/festi_dule_be/app/models/user.rb": {
        "lines": [
          1,
          1,
          1,
          1,
          1,
          1,
          null,
          1,
          1,
          null
        ]
      },
      "/Users/krrrl/turing/3mod/projects/final_assessment/festi_dule_be/app/models/application_record.rb": {
        "lines": [
          1,
          1,
          null
        ]
      },
      "/Users/krrrl/turing/3mod/projects/final_assessment/festi_dule_be/app/serializers/user_serializer.rb": {
        "lines": [
          1,
          1,
          1,
          null,
          1,
          null,
          0,
          null,
          null,
          null,
          null,
          null,
          null,
          null,
          null,
          null,
          null,
          null,
          null,
          1,
          null,
          9,
          null,
          19,
          null,
          null,
          null,
          null,
          null,
          null,
          null,
          null,
          null,
          null,
          null,
          null
        ]
      }
    },
    "timestamp": 1737502517
  }
}
