{
  "RSpec": {
    "coverage": {
      "/Users/krrrl/turing/3mod/projects/final_assessment/festi_dule_be/app/models/artist.rb": {
        "lines": [
          1,
          1,
          1,
          null,
          1,
          null
        ]
      },
      "/Users/krrrl/turing/3mod/projects/final_assessment/festi_dule_be/app/models/application_record.rb": {
        "lines": [
          1,
          1,
          null
        ]
      },
      "/Users/krrrl/turing/3mod/projects/final_assessment/festi_dule_be/spec/models/show_spec.rb": {
        "lines": [
          1,
          null,
          1,
          1,
          2,
          2,
          null,
          null,
          1,
          2,
          2,
          2,
          null,
          1,
          1,
          1,
          null,
          1,
          null,
          null,
          null,
          null,
          null,
          null,
          1,
          1,
          null,
          null,
          null,
          null
        ]
      },
      "/Users/krrrl/turing/3mod/projects/final_assessment/festi_dule_be/app/models/show.rb": {
        "lines": [
          1,
          1,
          1,
          1,
          1,
          null,
          1,
          1,
          1,
          null,
          1,
          null,
          1,
          null,
          1,
          10,
          null,
          5,
          1,
          null,
          null,
          null
        ]
      },
      "/Users/krrrl/turing/3mod/projects/final_assessment/festi_dule_be/spec/models/stage_spec.rb": {
        "lines": [
          1,
          null,
          1,
          1,
          2,
          2,
          null,
          1,
          2,
          null,
          null
        ]
      },
      "/Users/krrrl/turing/3mod/projects/final_assessment/festi_dule_be/app/models/stage.rb": {
        "lines": [
          1,
          1,
          1,
          null,
          1,
          null
        ]
      },
      "/Users/krrrl/turing/3mod/projects/final_assessment/festi_dule_be/spec/models/user_show_spec.rb": {
        "lines": [
          1,
          null,
          1,
          1,
          2,
          2,
          null,
          1,
          2,
          null,
          null
        ]
      },
      "/Users/krrrl/turing/3mod/projects/final_assessment/festi_dule_be/app/models/user_show.rb": {
        "lines": [
          1,
          1,
          1,
          null,
          1,
          null
        ]
      },
      "/Users/krrrl/turing/3mod/projects/final_assessment/festi_dule_be/spec/models/user_spec.rb": {
        "lines": [
          1,
          null,
          1,
          1,
          2,
          2,
          null,
          null,
          1,
          13,
          null,
          2,
          2,
          2,
          2,
          null,
          2,
          2,
          null,
          2,
          2,
          2,
          2,
          2,
          2,
          null,
          null,
          1,
          2,
          2,
          null,
          1,
          1,
          null,
          null,
          1,
          1,
          1,
          null,
          null,
          1,
          1,
          1,
          1,
          1,
          null,
          null,
          null,
          null
        ]
      },
      "/Users/krrrl/turing/3mod/projects/final_assessment/festi_dule_be/app/models/user.rb": {
        "lines": [
          1,
          1,
          1,
          1,
          1,
          1,
          null,
          1,
          1,
          null
        ]
      },
      "/Users/krrrl/turing/3mod/projects/final_assessment/festi_dule_be/spec/requests/api/v1/admin/user_shows_request_spec.rb": {
        "lines": [
          1,
          null,
          1,
          3,
          3,
          3,
          null,
          1,
          1,
          1,
          1,
          null,
          1,
          1,
          null,
          null,
          1,
          1,
          null,
          1,
          1,
          null,
          null,
          null
        ]
      },
      "/Users/krrrl/turing/3mod/projects/final_assessment/festi_dule_be/spec/requests/api/v1/admin/users_request_spec.rb": {
        "lines": [
          1,
          null,
          1,
          1,
          1,
          3,
          3,
          3,
          null,
          1,
          1,
          1,
          null,
          null,
          1,
          1,
          1,
          null,
          1,
          4,
          1,
          null,
          null,
          null,
          1,
          7,
          7,
          7,
          null,
          1,
          1,
          1,
          null,
          1,
          1,
          1,
          null,
          null,
          1,
          1,
          1,
          null,
          1,
          1,
          1,
          null,
          null,
          1,
          1,
          1,
          null,
          1,
          1,
          1,
          null,
          null,
          1,
          1,
          1,
          null,
          1,
          1,
          4,
          1,
          null,
          null,
          1,
          1,
          1,
          null,
          1,
          1,
          1,
          null,
          null,
          1,
          1,
          1,
          null,
          1,
          1,
          4,
          1,
          null,
          null,
          null,
          1,
          2,
          2,
          2,
          2,
          2,
          null,
          1,
          1,
          null,
          1,
          1,
          1,
          1,
          null,
          null,
          null,
          null
        ]
      },
      "/Users/krrrl/turing/3mod/projects/final_assessment/festi_dule_be/app/controllers/api/v1/admin/users_controller.rb": {
        "lines": [
          1,
          1,
          8,
          6,
          null,
          null,
          null,
          null,
          null,
          null,
          null,
          null,
          2,
          null,
          null,
          8,
          null,
          null,
          1,
          1,
          1,
          null,
          null
        ]
      },
      "/Users/krrrl/turing/3mod/projects/final_assessment/festi_dule_be/app/controllers/application_controller.rb": {
        "lines": [
          1,
          null
        ]
      },
      "/Users/krrrl/turing/3mod/projects/final_assessment/festi_dule_be/app/controllers/api/v1/admin/user_shows_controller.rb": {
        "lines": [
          1,
          1,
          2,
          null,
          2,
          1,
          1,
          null,
          1,
          null,
          null,
          null
        ]
      },
      "/Users/krrrl/turing/3mod/projects/final_assessment/festi_dule_be/app/serializers/user_serializer.rb": {
        "lines": [
          1,
          1,
          1,
          1,
          null,
          1,
          null,
          1,
          null,
          null,
          null,
          null,
          null,
          null,
          null,
          null,
          null,
          null,
          2,
          null,
          null,
          null,
          null,
          null,
          null,
          1,
          null,
          8,
          null,
          16,
          null,
          null,
          null,
          null,
          null,
          null,
          null,
          null,
          null,
          null,
          null,
          null
        ]
      },
      "/Users/krrrl/turing/3mod/projects/final_assessment/festi_dule_be/app/serializers/show_serializer.rb": {
        "lines": [
          1,
          1,
          1,
          null,
          1,
          1,
          null
        ]
      }
    },
    "timestamp": 1737517451
  }
}
